{
  "RSpec": {
    "coverage": {
      "/Users/Vagrant/gitRepos/allotment/lib/allotment.rb": [
        1,
        1,
        1,
        3,
        3,
        3,
        null,
        null,
        1,
        5,
        5,
        5,
        null,
        null,
        1,
        2,
        2,
        null,
        null,
        null,
        1,
        1,
        null,
        1,
        5,
        5,
        5,
        null,
        null,
        null
      ]
    },
    "timestamp": 1366316448
  }
}
